c:\users\astep\desktop\finalprojectvs\finalprojectvs\debug\vc141.pdb
c:\users\astep\desktop\finalprojectvs\finalprojectvs\debug\vc141.idb
c:\users\astep\desktop\finalprojectvs\finalprojectvs\debug\vehicle.obj
c:\users\astep\desktop\finalprojectvs\finalprojectvs\debug\truck.obj
c:\users\astep\desktop\finalprojectvs\finalprojectvs\debug\stoplightcontroller.obj
c:\users\astep\desktop\finalprojectvs\finalprojectvs\debug\shader.obj
c:\users\astep\desktop\finalprojectvs\finalprojectvs\debug\mesh.obj
c:\users\astep\desktop\finalprojectvs\finalprojectvs\debug\main.obj
c:\users\astep\desktop\finalprojectvs\finalprojectvs\debug\light.obj
c:\users\astep\desktop\finalprojectvs\finalprojectvs\debug\gamecontroller.obj
c:\users\astep\desktop\finalprojectvs\finalprojectvs\debug\car.obj
c:\users\astep\desktop\finalprojectvs\finalprojectvs\debug\glad.obj
c:\users\astep\desktop\finalprojectvs\debug\finalprojectvs.ilk
c:\users\astep\desktop\finalprojectvs\debug\finalprojectvs.exe
c:\users\astep\desktop\finalprojectvs\debug\finalprojectvs.pdb
c:\users\astep\desktop\finalprojectvs\finalprojectvs\debug\vc140.idb
c:\users\astep\desktop\finalprojectvs\finalprojectvs\debug\vc140.pdb
c:\users\astep\desktop\finalprojectvs\finalprojectvs\debug\finalprojectvs.tlog\cl.command.1.tlog
c:\users\astep\desktop\finalprojectvs\finalprojectvs\debug\finalprojectvs.tlog\cl.read.1.tlog
c:\users\astep\desktop\finalprojectvs\finalprojectvs\debug\finalprojectvs.tlog\cl.write.1.tlog
c:\users\astep\desktop\finalprojectvs\finalprojectvs\debug\finalprojectvs.tlog\link.command.1.tlog
c:\users\astep\desktop\finalprojectvs\finalprojectvs\debug\finalprojectvs.tlog\link.read.1.tlog
c:\users\astep\desktop\finalprojectvs\finalprojectvs\debug\finalprojectvs.tlog\link.write.1.tlog
